Change Component Designator: OldDesignator=D? NewDesignator=D1
Added Component: Designator=C1n(2)(C0805)
Added Component: Designator=C100n(2)(C0805)
Added Component: Designator=D1(2)(6-0805_L)
Added Component: Designator=I2C(2)(HDR1X4)
Added Component: Designator=J1(2)(HDR1X2)
Added Component: Designator=J2(2)(HDR1X2)
Added Component: Designator=J3(2)(HDR1X2)
Added Component: Designator=MSP_PIC(2)(N020)
Added Component: Designator=P1(2)(HDR1X10)
Added Component: Designator=P2(2)(HDR1X10)
Added Component: Designator=R47K1(2)(INDC3216)
Added Component: Designator=R47K2(2)(INDC3216)
Added Component: Designator=R47k(2)(INDC3216)
Added Component: Designator=RLED(2)(INDC3216)
Added Component: Designator=Servo(2)(HDR1X3)
Added Component: Designator=UART(2)(HDR1X4)
Change Net Name : Old Net Name=NetD?_1 New Net Name=NetD1_1
Added Pin To Net: NetName=NetC1n(2)_1 Pin=C1n(2)-1
Added Pin To Net: NetName=NetC1n(2)_1 Pin=MSP_PIC(2)-16
Added Pin To Net: NetName=NetC1n(2)_1 Pin=P2(2)-5
Added Pin To Net: NetName=NetC1n(2)_1 Pin=R47k(2)-1
Added Net: Name=NetC1n(2)_1
Added Pin To Net: NetName=NetC1n(2)_2 Pin=C1n(2)-2
Added Pin To Net: NetName=NetC1n(2)_2 Pin=C100n(2)-2
Added Pin To Net: NetName=NetC1n(2)_2 Pin=D1(2)-2
Added Pin To Net: NetName=NetC1n(2)_2 Pin=I2C(2)-1
Added Pin To Net: NetName=NetC1n(2)_2 Pin=MSP_PIC(2)-20
Added Pin To Net: NetName=NetC1n(2)_2 Pin=P2(2)-1
Added Pin To Net: NetName=NetC1n(2)_2 Pin=Servo(2)-3
Added Pin To Net: NetName=NetC1n(2)_2 Pin=UART(2)-1
Added Net: Name=NetC1n(2)_2
Added Pin To Net: NetName=NetC100n(2)_1 Pin=C100n(2)-1
Added Pin To Net: NetName=NetC100n(2)_1 Pin=I2C(2)-4
Added Pin To Net: NetName=NetC100n(2)_1 Pin=J1(2)-2
Added Pin To Net: NetName=NetC100n(2)_1 Pin=J2(2)-2
Added Pin To Net: NetName=NetC100n(2)_1 Pin=MSP_PIC(2)-1
Added Pin To Net: NetName=NetC100n(2)_1 Pin=P1(2)-1
Added Pin To Net: NetName=NetC100n(2)_1 Pin=R47k(2)-2
Added Pin To Net: NetName=NetC100n(2)_1 Pin=Servo(2)-2
Added Pin To Net: NetName=NetC100n(2)_1 Pin=UART(2)-4
Added Net: Name=NetC100n(2)_1
Added Pin To Net: NetName=NetD1(2)_1 Pin=D1(2)-1
Added Pin To Net: NetName=NetD1(2)_1 Pin=RLED(2)-1
Added Net: Name=NetD1(2)_1
Added Pin To Net: NetName=NetI2C(2)_2 Pin=I2C(2)-2
Added Pin To Net: NetName=NetI2C(2)_2 Pin=MSP_PIC(2)-15
Added Pin To Net: NetName=NetI2C(2)_2 Pin=P2(2)-6
Added Pin To Net: NetName=NetI2C(2)_2 Pin=R47K2(2)-2
Added Net: Name=NetI2C(2)_2
Added Pin To Net: NetName=NetI2C(2)_3 Pin=I2C(2)-3
Added Pin To Net: NetName=NetI2C(2)_3 Pin=MSP_PIC(2)-14
Added Pin To Net: NetName=NetI2C(2)_3 Pin=P2(2)-7
Added Pin To Net: NetName=NetI2C(2)_3 Pin=R47K1(2)-2
Added Net: Name=NetI2C(2)_3
Added Pin To Net: NetName=NetJ1(2)_1 Pin=J1(2)-1
Added Pin To Net: NetName=NetJ1(2)_1 Pin=R47K1(2)-1
Added Net: Name=NetJ1(2)_1
Added Pin To Net: NetName=NetJ2(2)_1 Pin=J2(2)-1
Added Pin To Net: NetName=NetJ2(2)_1 Pin=R47K2(2)-1
Added Net: Name=NetJ2(2)_1
Added Pin To Net: NetName=NetJ3(2)_1 Pin=J3(2)-1
Added Pin To Net: NetName=NetJ3(2)_1 Pin=MSP_PIC(2)-2
Added Pin To Net: NetName=NetJ3(2)_1 Pin=P1(2)-2
Added Net: Name=NetJ3(2)_1
Added Pin To Net: NetName=NetJ3(2)_2 Pin=J3(2)-2
Added Pin To Net: NetName=NetJ3(2)_2 Pin=RLED(2)-2
Added Net: Name=NetJ3(2)_2
Added Pin To Net: NetName=NetMSP_PIC(2)_3 Pin=MSP_PIC(2)-3
Added Pin To Net: NetName=NetMSP_PIC(2)_3 Pin=P1(2)-3
Added Pin To Net: NetName=NetMSP_PIC(2)_3 Pin=UART(2)-2
Added Net: Name=NetMSP_PIC(2)_3
Added Pin To Net: NetName=NetMSP_PIC(2)_4 Pin=MSP_PIC(2)-4
Added Pin To Net: NetName=NetMSP_PIC(2)_4 Pin=P1(2)-4
Added Pin To Net: NetName=NetMSP_PIC(2)_4 Pin=UART(2)-3
Added Net: Name=NetMSP_PIC(2)_4
Added Pin To Net: NetName=NetMSP_PIC(2)_5 Pin=MSP_PIC(2)-5
Added Pin To Net: NetName=NetMSP_PIC(2)_5 Pin=P1(2)-5
Added Net: Name=NetMSP_PIC(2)_5
Added Pin To Net: NetName=NetMSP_PIC(2)_6 Pin=MSP_PIC(2)-6
Added Pin To Net: NetName=NetMSP_PIC(2)_6 Pin=P1(2)-6
Added Net: Name=NetMSP_PIC(2)_6
Added Pin To Net: NetName=NetMSP_PIC(2)_7 Pin=MSP_PIC(2)-7
Added Pin To Net: NetName=NetMSP_PIC(2)_7 Pin=P1(2)-7
Added Net: Name=NetMSP_PIC(2)_7
Added Pin To Net: NetName=NetMSP_PIC(2)_8 Pin=MSP_PIC(2)-8
Added Pin To Net: NetName=NetMSP_PIC(2)_8 Pin=P1(2)-8
Added Net: Name=NetMSP_PIC(2)_8
Added Pin To Net: NetName=NetMSP_PIC(2)_9 Pin=MSP_PIC(2)-9
Added Pin To Net: NetName=NetMSP_PIC(2)_9 Pin=P1(2)-9
Added Net: Name=NetMSP_PIC(2)_9
Added Pin To Net: NetName=NetMSP_PIC(2)_10 Pin=MSP_PIC(2)-10
Added Pin To Net: NetName=NetMSP_PIC(2)_10 Pin=P1(2)-10
Added Pin To Net: NetName=NetMSP_PIC(2)_10 Pin=Servo(2)-1
Added Net: Name=NetMSP_PIC(2)_10
Added Pin To Net: NetName=NetMSP_PIC(2)_11 Pin=MSP_PIC(2)-11
Added Pin To Net: NetName=NetMSP_PIC(2)_11 Pin=P2(2)-10
Added Net: Name=NetMSP_PIC(2)_11
Added Pin To Net: NetName=NetMSP_PIC(2)_12 Pin=MSP_PIC(2)-12
Added Pin To Net: NetName=NetMSP_PIC(2)_12 Pin=P2(2)-9
Added Net: Name=NetMSP_PIC(2)_12
Added Pin To Net: NetName=NetMSP_PIC(2)_13 Pin=MSP_PIC(2)-13
Added Pin To Net: NetName=NetMSP_PIC(2)_13 Pin=P2(2)-8
Added Net: Name=NetMSP_PIC(2)_13
Added Pin To Net: NetName=NetMSP_PIC(2)_17 Pin=MSP_PIC(2)-17
Added Pin To Net: NetName=NetMSP_PIC(2)_17 Pin=P2(2)-4
Added Net: Name=NetMSP_PIC(2)_17
Added Pin To Net: NetName=NetMSP_PIC(2)_18 Pin=MSP_PIC(2)-18
Added Pin To Net: NetName=NetMSP_PIC(2)_18 Pin=P2(2)-3
Added Net: Name=NetMSP_PIC(2)_18
Added Pin To Net: NetName=NetMSP_PIC(2)_19 Pin=MSP_PIC(2)-19
Added Pin To Net: NetName=NetMSP_PIC(2)_19 Pin=P2(2)-2
Added Net: Name=NetMSP_PIC(2)_19
Added Member To Class: ClassName=Sheet_handling_module Member=Component C1n(2) Cap Pol3
Added Member To Class: ClassName=Sheet_handling_module Member=Component C1n Cap Pol3
Added Member To Class: ClassName=Sheet_handling_module Member=Component C100n(2) Cap Pol3
Added Member To Class: ClassName=Sheet_handling_module Member=Component C100n Cap Pol3
Added Member To Class: ClassName=Sheet_handling_module Member=Component D1(2) LED3
Added Member To Class: ClassName=Sheet_handling_module Member=Component D1 LED3
Added Member To Class: ClassName=Sheet_handling_module Member=Component I2C(2) I2C_MSP430
Added Member To Class: ClassName=Sheet_handling_module Member=Component I2C I2C_MSP430
Added Member To Class: ClassName=Sheet_handling_module Member=Component J1(2) Header 2
Added Member To Class: ClassName=Sheet_handling_module Member=Component J1 Header 2
Added Member To Class: ClassName=Sheet_handling_module Member=Component J2(2) Header 2
Added Member To Class: ClassName=Sheet_handling_module Member=Component J2 Header 2
Added Member To Class: ClassName=Sheet_handling_module Member=Component J3(2) Header 2
Added Member To Class: ClassName=Sheet_handling_module Member=Component J3 Header 2
Added Member To Class: ClassName=Sheet_handling_module Member=Component MSP_PIC(2) Header 10X2A
Added Member To Class: ClassName=Sheet_handling_module Member=Component MSP_PIC Header 10X2A
Added Member To Class: ClassName=Sheet_handling_module Member=Component P1(2) Header 10
Added Member To Class: ClassName=Sheet_handling_module Member=Component P1 Header 10
Added Member To Class: ClassName=Sheet_handling_module Member=Component P2(2) Header 10
Added Member To Class: ClassName=Sheet_handling_module Member=Component P2 Header 10
Added Member To Class: ClassName=Sheet_handling_module Member=Component R47K1(2) Res3
Added Member To Class: ClassName=Sheet_handling_module Member=Component R47K1 Res3
Added Member To Class: ClassName=Sheet_handling_module Member=Component R47K2(2) Res3
Added Member To Class: ClassName=Sheet_handling_module Member=Component R47K2 Res3
Added Member To Class: ClassName=Sheet_handling_module Member=Component R47k(2) Res3
Added Member To Class: ClassName=Sheet_handling_module Member=Component R47k Res3
Added Member To Class: ClassName=Sheet_handling_module Member=Component RLED(2) Res3
Added Member To Class: ClassName=Sheet_handling_module Member=Component RLED Res3
Added Member To Class: ClassName=Sheet_handling_module Member=Component Servo(2) Header 3
Added Member To Class: ClassName=Sheet_handling_module Member=Component Servo Header 3
Added Member To Class: ClassName=Sheet_handling_module Member=Component UART(2) UART_MSP430
Added Member To Class: ClassName=Sheet_handling_module Member=Component UART UART_MSP430
