Added Component: Designator=C1n(C0805)
Added Component: Designator=C100n(C0805)
Added Component: Designator=D1(6-0805_L)
Added Component: Designator=I2C(HDR1X4)
Added Component: Designator=J1(HDR1X2)
Added Component: Designator=J2(HDR1X2)
Added Component: Designator=J3(HDR1X2)
Added Component: Designator=MSP_PIC(N020)
Added Component: Designator=P1(HDR1X10)
Added Component: Designator=P2(HDR1X10)
Added Component: Designator=R47K1(INDC3216)
Added Component: Designator=R47K2(INDC3216)
Added Component: Designator=R47k(INDC3216)
Added Component: Designator=RLED(INDC3216)
Added Component: Designator=Servo(HDR1X3)
Added Component: Designator=UART(HDR1X4)
Added Pin To Net: NetName=NetC1n_1 Pin=C1n-1
Added Pin To Net: NetName=NetC1n_2 Pin=C1n-2
Added Pin To Net: NetName=NetC100n_1 Pin=C100n-1
Added Pin To Net: NetName=NetC1n_2 Pin=C100n-2
Added Pin To Net: NetName=NetD1_1 Pin=D1-1
Added Pin To Net: NetName=NetC1n_2 Pin=D1-2
Added Pin To Net: NetName=NetC1n_2 Pin=I2C-1
Added Pin To Net: NetName=NetI2C_2 Pin=I2C-2
Added Pin To Net: NetName=NetI2C_3 Pin=I2C-3
Added Pin To Net: NetName=NetC100n_1 Pin=I2C-4
Added Pin To Net: NetName=NetJ1_1 Pin=J1-1
Added Pin To Net: NetName=NetC100n_1 Pin=J1-2
Added Pin To Net: NetName=NetJ2_1 Pin=J2-1
Added Pin To Net: NetName=NetC100n_1 Pin=J2-2
Added Pin To Net: NetName=NetJ3_1 Pin=J3-1
Added Pin To Net: NetName=NetJ3_2 Pin=J3-2
Added Pin To Net: NetName=NetC100n_1 Pin=MSP_PIC-1
Added Pin To Net: NetName=NetJ3_1 Pin=MSP_PIC-2
Added Pin To Net: NetName=NetMSP_PIC_3 Pin=MSP_PIC-3
Added Pin To Net: NetName=NetMSP_PIC_4 Pin=MSP_PIC-4
Added Pin To Net: NetName=NetMSP_PIC_5 Pin=MSP_PIC-5
Added Pin To Net: NetName=NetMSP_PIC_6 Pin=MSP_PIC-6
Added Pin To Net: NetName=NetMSP_PIC_7 Pin=MSP_PIC-7
Added Pin To Net: NetName=NetMSP_PIC_8 Pin=MSP_PIC-8
Added Pin To Net: NetName=NetMSP_PIC_9 Pin=MSP_PIC-9
Added Pin To Net: NetName=NetMSP_PIC_10 Pin=MSP_PIC-10
Added Pin To Net: NetName=NetMSP_PIC_11 Pin=MSP_PIC-11
Added Pin To Net: NetName=NetMSP_PIC_12 Pin=MSP_PIC-12
Added Pin To Net: NetName=NetMSP_PIC_13 Pin=MSP_PIC-13
Added Pin To Net: NetName=NetI2C_3 Pin=MSP_PIC-14
Added Pin To Net: NetName=NetI2C_2 Pin=MSP_PIC-15
Added Pin To Net: NetName=NetC1n_1 Pin=MSP_PIC-16
Added Pin To Net: NetName=NetMSP_PIC_17 Pin=MSP_PIC-17
Added Pin To Net: NetName=NetMSP_PIC_18 Pin=MSP_PIC-18
Added Pin To Net: NetName=NetMSP_PIC_19 Pin=MSP_PIC-19
Added Pin To Net: NetName=NetC1n_2 Pin=MSP_PIC-20
Added Pin To Net: NetName=NetC100n_1 Pin=P1-1
Added Pin To Net: NetName=NetJ3_1 Pin=P1-2
Added Pin To Net: NetName=NetMSP_PIC_3 Pin=P1-3
Added Pin To Net: NetName=NetMSP_PIC_4 Pin=P1-4
Added Pin To Net: NetName=NetMSP_PIC_5 Pin=P1-5
Added Pin To Net: NetName=NetMSP_PIC_6 Pin=P1-6
Added Pin To Net: NetName=NetMSP_PIC_7 Pin=P1-7
Added Pin To Net: NetName=NetMSP_PIC_8 Pin=P1-8
Added Pin To Net: NetName=NetMSP_PIC_9 Pin=P1-9
Added Pin To Net: NetName=NetMSP_PIC_10 Pin=P1-10
Added Pin To Net: NetName=NetC1n_2 Pin=P2-1
Added Pin To Net: NetName=NetMSP_PIC_19 Pin=P2-2
Added Pin To Net: NetName=NetMSP_PIC_18 Pin=P2-3
Added Pin To Net: NetName=NetMSP_PIC_17 Pin=P2-4
Added Pin To Net: NetName=NetC1n_1 Pin=P2-5
Added Pin To Net: NetName=NetI2C_2 Pin=P2-6
Added Pin To Net: NetName=NetI2C_3 Pin=P2-7
Added Pin To Net: NetName=NetMSP_PIC_13 Pin=P2-8
Added Pin To Net: NetName=NetMSP_PIC_12 Pin=P2-9
Added Pin To Net: NetName=NetMSP_PIC_11 Pin=P2-10
Added Pin To Net: NetName=NetJ1_1 Pin=R47K1-1
Added Pin To Net: NetName=NetI2C_3 Pin=R47K1-2
Added Pin To Net: NetName=NetJ2_1 Pin=R47K2-1
Added Pin To Net: NetName=NetI2C_2 Pin=R47K2-2
Added Pin To Net: NetName=NetC1n_1 Pin=R47k-1
Added Pin To Net: NetName=NetC100n_1 Pin=R47k-2
Added Pin To Net: NetName=NetD1_1 Pin=RLED-1
Added Pin To Net: NetName=NetJ3_2 Pin=RLED-2
Added Pin To Net: NetName=NetMSP_PIC_10 Pin=Servo-1
Added Pin To Net: NetName=NetC100n_1 Pin=Servo-2
Added Pin To Net: NetName=NetC1n_2 Pin=Servo-3
Added Pin To Net: NetName=NetC1n_2 Pin=UART-1
Added Pin To Net: NetName=NetMSP_PIC_3 Pin=UART-2
Added Pin To Net: NetName=NetMSP_PIC_4 Pin=UART-3
Added Pin To Net: NetName=NetC100n_1 Pin=UART-4
Added Member To Class: ClassName=Sheet_handling_module Member=Component C1n Cap Pol3
Added Member To Class: ClassName=Sheet_handling_module Member=Component C100n Cap Pol3
Added Member To Class: ClassName=Sheet_handling_module Member=Component D1 LED3
Added Member To Class: ClassName=Sheet_handling_module Member=Component I2C I2C_MSP430
Added Member To Class: ClassName=Sheet_handling_module Member=Component J1 Header 2
Added Member To Class: ClassName=Sheet_handling_module Member=Component J2 Header 2
Added Member To Class: ClassName=Sheet_handling_module Member=Component J3 Header 2
Added Member To Class: ClassName=Sheet_handling_module Member=Component MSP_PIC Header 10X2A
Added Member To Class: ClassName=Sheet_handling_module Member=Component P1 Header 10
Added Member To Class: ClassName=Sheet_handling_module Member=Component P2 Header 10
Added Member To Class: ClassName=Sheet_handling_module Member=Component R47K1 Res3
Added Member To Class: ClassName=Sheet_handling_module Member=Component R47K2 Res3
Added Member To Class: ClassName=Sheet_handling_module Member=Component R47k Res3
Added Member To Class: ClassName=Sheet_handling_module Member=Component RLED Res3
Added Member To Class: ClassName=Sheet_handling_module Member=Component Servo Header 3
Added Member To Class: ClassName=Sheet_handling_module Member=Component UART UART_MSP430
Added Room: Name=Sheet_handling_module
