Removed Pin From Net: NetName=NetOdroidC2_15 Pin=Sensor_Array-5
Removed Pin From Net: NetName=NetOdroidC2_13 Pin=Sensor_Array-8
Removed Pin From Net: NetName=NetOdroidC2_11 Pin=Sensor_Array-11
Removed Pin From Net: NetName=NetDRV2_2 Pin=Sensor_Array-12
Removed Pin From Net: NetName=NetOdroidC2_21 Pin=Sensor_Array-14
Removed Pin From Net: NetName=NetOdroidC2_24 Pin=Sensor_Array-16
Removed Pin From Net: NetName=NetOdroidC2_7 Pin=Sensor_Array-23
Added Pin To Net: NetName=5V Pin=DRV1-1
Added Pin To Net: NetName=5V Pin=DRV2-1
Added Pin To Net: NetName=5V Pin=I2C_O2-4
Added Pin To Net: NetName=5V Pin=M1-4
Added Pin To Net: NetName=5V Pin=M2-4
Added Pin To Net: NetName=5V Pin=MUX1-8
Added Pin To Net: NetName=5V Pin=MUX2-8
Added Pin To Net: NetName=5V Pin=OdroidC2-9
Added Pin To Net: NetName=5V Pin=OUT--1
Added Pin To Net: NetName=NetDRV2_2 Pin=Sensor_Array-1
Added Pin To Net: NetName=NetOdroidC2_11 Pin=Sensor_Array-2
Added Pin To Net: NetName=NetOdroidC2_13 Pin=Sensor_Array-5
Added Pin To Net: NetName=5V Pin=Sensor_Array-6
Added Pin To Net: NetName=NetOdroidC2_15 Pin=Sensor_Array-8
Added Pin To Net: NetName=NetOdroidC2_7 Pin=Sensor_Array-14
Added Pin To Net: NetName=5V Pin=Sensor_Array-19
Added Pin To Net: NetName=NetOdroidC2_24 Pin=Sensor_Array-21
Added Pin To Net: NetName=NetOdroidC2_21 Pin=Sensor_Array-23
Added Pin To Net: NetName=5V Pin=UART_O2-4
