Added Component: Designator=AUX(HDR2X6)
Added Component: Designator=CZ_0(HDR1X6)
Added Component: Designator=CZ_1(HDR1X8)
Added Component: Designator=CZ_2(HDR1X2)
Added Component: Designator=CZ_3(HDR1X8)
Added Component: Designator=CZ_4(HDR1X10)
Added Component: Designator=I2C_O2(HDR1X4)
Added Component: Designator=minus -(PIN1)
Added Component: Designator=OdroidC2(HDR2X20)
Added Component: Designator=OPA2(JG008)
Added Component: Designator=OUT+(PIN1)
Added Component: Designator=OUT-(PIN1)
Added Component: Designator=OutUSB(USB2.5-2H4C)
Added Component: Designator=Plus+(PIN1)
Added Component: Designator=R1(INDC3216)
Added Component: Designator=R2(INDC3216)
Added Component: Designator=UART_O2(HDR1X4)
Added Pin To Net: NetName=3.3V Pin=AUX-7
Added Pin To Net: NetName=3.3V Pin=AUX-9
Added Pin To Net: NetName=3.3V Pin=CZ_1-5
Added Pin To Net: NetName=3.3V Pin=I2C_O2-1
Added Pin To Net: NetName=3.3V Pin=OdroidC2-1
Added Pin To Net: NetName=3.3V Pin=UART_O2-1
Added Net: Name=3.3V
Added Pin To Net: NetName=5VB Pin=OdroidC2-4
Added Net: Name=5VB
Added Pin To Net: NetName=5V Pin=AUX-1
Added Pin To Net: NetName=5V Pin=AUX-2
Added Pin To Net: NetName=5V Pin=CZ_1-4
Added Pin To Net: NetName=5V Pin=OdroidC2-2
Added Net: Name=5V
Added Pin To Net: NetName=GND Pin=CZ_1-3
Added Pin To Net: NetName=GND Pin=I2C_O2-4
Added Pin To Net: NetName=GND Pin=OdroidC2-9
Added Pin To Net: NetName=GND Pin=UART_O2-4
Added Net: Name=GND
Added Pin To Net: NetName=NetAUX_3 Pin=AUX-3
Added Pin To Net: NetName=NetAUX_3 Pin=AUX-4
Added Pin To Net: NetName=NetAUX_3 Pin=AUX-5
Added Pin To Net: NetName=NetAUX_3 Pin=OdroidC2-39
Added Net: Name=NetAUX_3
Added Pin To Net: NetName=NetAUX_6 Pin=AUX-6
Added Pin To Net: NetName=NetAUX_6 Pin=OdroidC2-40
Added Net: Name=NetAUX_6
Added Pin To Net: NetName=NetAUX_8 Pin=AUX-8
Added Pin To Net: NetName=NetAUX_8 Pin=OdroidC2-36
Added Net: Name=NetAUX_8
Added Pin To Net: NetName=NetAUX_10 Pin=AUX-10
Added Pin To Net: NetName=NetAUX_10 Pin=OdroidC2-32
Added Net: Name=NetAUX_10
Added Pin To Net: NetName=NetAUX_11 Pin=AUX-11
Added Pin To Net: NetName=NetAUX_11 Pin=OdroidC2-16
Added Net: Name=NetAUX_11
Added Pin To Net: NetName=NetAUX_12 Pin=AUX-12
Added Pin To Net: NetName=NetAUX_12 Pin=OdroidC2-18
Added Net: Name=NetAUX_12
Added Pin To Net: NetName=NetC1n_1 Pin=C1n-1
Added Pin To Net: NetName=NetC1n_1 Pin=MSP_PIC-16
Added Pin To Net: NetName=NetC1n_1 Pin=P2-5
Added Pin To Net: NetName=NetC1n_1 Pin=R47k-1
Added Net: Name=NetC1n_1
Added Pin To Net: NetName=NetC1n_2 Pin=C1n-2
Added Pin To Net: NetName=NetC1n_2 Pin=C100n-2
Added Pin To Net: NetName=NetC1n_2 Pin=D?-2
Added Pin To Net: NetName=NetC1n_2 Pin=I2C-1
Added Pin To Net: NetName=NetC1n_2 Pin=MSP_PIC-20
Added Pin To Net: NetName=NetC1n_2 Pin=P2-1
Added Pin To Net: NetName=NetC1n_2 Pin=Servo-3
Added Pin To Net: NetName=NetC1n_2 Pin=UART-1
Added Net: Name=NetC1n_2
Added Pin To Net: NetName=NetC100n_1 Pin=C100n-1
Added Pin To Net: NetName=NetC100n_1 Pin=I2C-4
Added Pin To Net: NetName=NetC100n_1 Pin=J1-2
Added Pin To Net: NetName=NetC100n_1 Pin=J2-2
Added Pin To Net: NetName=NetC100n_1 Pin=MSP_PIC-1
Added Pin To Net: NetName=NetC100n_1 Pin=P1-1
Added Pin To Net: NetName=NetC100n_1 Pin=R47k-2
Added Pin To Net: NetName=NetC100n_1 Pin=Servo-2
Added Pin To Net: NetName=NetC100n_1 Pin=UART-4
Added Net: Name=NetC100n_1
Added Pin To Net: NetName=NetCZ_2_1 Pin=CZ_2-1
Added Pin To Net: NetName=NetCZ_2_1 Pin=OPA2-3
Added Pin To Net: NetName=NetCZ_2_1 Pin=OPA2-8
Added Pin To Net: NetName=NetCZ_2_1 Pin=Plus+-1
Added Net: Name=NetCZ_2_1
Added Pin To Net: NetName=NetCZ_2_2 Pin=CZ_2-2
Added Pin To Net: NetName=NetCZ_2_2 Pin=minus --1
Added Pin To Net: NetName=NetCZ_2_2 Pin=OPA2-4
Added Pin To Net: NetName=NetCZ_2_2 Pin=R2-1
Added Net: Name=NetCZ_2_2
Added Pin To Net: NetName=NetCZ_3_4 Pin=CZ_3-4
Added Pin To Net: NetName=NetCZ_3_4 Pin=OdroidC2-7
Added Net: Name=NetCZ_3_4
Added Pin To Net: NetName=NetCZ_3_5 Pin=CZ_3-5
Added Pin To Net: NetName=NetCZ_3_5 Pin=OdroidC2-11
Added Net: Name=NetCZ_3_5
Added Pin To Net: NetName=NetCZ_3_6 Pin=CZ_3-6
Added Pin To Net: NetName=NetCZ_3_6 Pin=OdroidC2-21
Added Net: Name=NetCZ_3_6
Added Pin To Net: NetName=NetCZ_3_7 Pin=CZ_3-7
Added Pin To Net: NetName=NetCZ_3_7 Pin=OdroidC2-23
Added Net: Name=NetCZ_3_7
Added Pin To Net: NetName=NetCZ_3_8 Pin=CZ_3-8
Added Pin To Net: NetName=NetCZ_3_8 Pin=OdroidC2-15
Added Net: Name=NetCZ_3_8
Added Pin To Net: NetName=NetCZ_4_1 Pin=CZ_4-1
Added Pin To Net: NetName=NetCZ_4_1 Pin=OdroidC2-29
Added Net: Name=NetCZ_4_1
Added Pin To Net: NetName=NetCZ_4_2 Pin=CZ_4-2
Added Pin To Net: NetName=NetCZ_4_2 Pin=OdroidC2-19
Added Net: Name=NetCZ_4_2
Added Pin To Net: NetName=NetCZ_4_3 Pin=CZ_4-3
Added Pin To Net: NetName=NetCZ_4_3 Pin=OdroidC2-33
Added Net: Name=NetCZ_4_3
Added Pin To Net: NetName=NetCZ_4_4 Pin=CZ_4-4
Added Pin To Net: NetName=NetCZ_4_4 Pin=OdroidC2-13
Added Net: Name=NetCZ_4_4
Added Pin To Net: NetName=NetCZ_4_6 Pin=CZ_4-6
Added Pin To Net: NetName=NetCZ_4_6 Pin=OdroidC2-35
Added Net: Name=NetCZ_4_6
Added Pin To Net: NetName=NetCZ_4_9 Pin=CZ_4-9
Added Pin To Net: NetName=NetCZ_4_9 Pin=OdroidC2-27
Added Net: Name=NetCZ_4_9
Added Pin To Net: NetName=NetCZ_4_10 Pin=CZ_4-10
Added Pin To Net: NetName=NetCZ_4_10 Pin=OdroidC2-28
Added Net: Name=NetCZ_4_10
Added Pin To Net: NetName=NetD?_1 Pin=D?-1
Added Pin To Net: NetName=NetD?_1 Pin=RLED-1
Added Net: Name=NetD?_1
Added Pin To Net: NetName=NetI2C_2 Pin=I2C-2
Added Pin To Net: NetName=NetI2C_2 Pin=MSP_PIC-15
Added Pin To Net: NetName=NetI2C_2 Pin=P2-6
Added Pin To Net: NetName=NetI2C_2 Pin=R47K2-2
Added Net: Name=NetI2C_2
Added Pin To Net: NetName=NetI2C_3 Pin=I2C-3
Added Pin To Net: NetName=NetI2C_3 Pin=MSP_PIC-14
Added Pin To Net: NetName=NetI2C_3 Pin=P2-7
Added Pin To Net: NetName=NetI2C_3 Pin=R47K1-2
Added Net: Name=NetI2C_3
Added Pin To Net: NetName=NetI2C_O2_2 Pin=I2C_O2-2
Added Pin To Net: NetName=NetI2C_O2_2 Pin=OdroidC2-3
Added Net: Name=NetI2C_O2_2
Added Pin To Net: NetName=NetI2C_O2_3 Pin=I2C_O2-3
Added Pin To Net: NetName=NetI2C_O2_3 Pin=OdroidC2-5
Added Net: Name=NetI2C_O2_3
Added Pin To Net: NetName=NetJ1_1 Pin=J1-1
Added Pin To Net: NetName=NetJ1_1 Pin=R47K1-1
Added Net: Name=NetJ1_1
Added Pin To Net: NetName=NetJ2_1 Pin=J2-1
Added Pin To Net: NetName=NetJ2_1 Pin=R47K2-1
Added Net: Name=NetJ2_1
Added Pin To Net: NetName=NetJ3_1 Pin=J3-1
Added Pin To Net: NetName=NetJ3_1 Pin=MSP_PIC-2
Added Pin To Net: NetName=NetJ3_1 Pin=P1-2
Added Net: Name=NetJ3_1
Added Pin To Net: NetName=NetJ3_2 Pin=J3-2
Added Pin To Net: NetName=NetJ3_2 Pin=RLED-2
Added Net: Name=NetJ3_2
Added Pin To Net: NetName=NetMSP_PIC_3 Pin=MSP_PIC-3
Added Pin To Net: NetName=NetMSP_PIC_3 Pin=P1-3
Added Pin To Net: NetName=NetMSP_PIC_3 Pin=UART-2
Added Net: Name=NetMSP_PIC_3
Added Pin To Net: NetName=NetMSP_PIC_4 Pin=MSP_PIC-4
Added Pin To Net: NetName=NetMSP_PIC_4 Pin=P1-4
Added Pin To Net: NetName=NetMSP_PIC_4 Pin=UART-3
Added Net: Name=NetMSP_PIC_4
Added Pin To Net: NetName=NetMSP_PIC_5 Pin=MSP_PIC-5
Added Pin To Net: NetName=NetMSP_PIC_5 Pin=P1-5
Added Net: Name=NetMSP_PIC_5
Added Pin To Net: NetName=NetMSP_PIC_6 Pin=MSP_PIC-6
Added Pin To Net: NetName=NetMSP_PIC_6 Pin=P1-6
Added Net: Name=NetMSP_PIC_6
Added Pin To Net: NetName=NetMSP_PIC_7 Pin=MSP_PIC-7
Added Pin To Net: NetName=NetMSP_PIC_7 Pin=P1-7
Added Net: Name=NetMSP_PIC_7
Added Pin To Net: NetName=NetMSP_PIC_8 Pin=MSP_PIC-8
Added Pin To Net: NetName=NetMSP_PIC_8 Pin=P1-8
Added Net: Name=NetMSP_PIC_8
Added Pin To Net: NetName=NetMSP_PIC_9 Pin=MSP_PIC-9
Added Pin To Net: NetName=NetMSP_PIC_9 Pin=P1-9
Added Net: Name=NetMSP_PIC_9
Added Pin To Net: NetName=NetMSP_PIC_10 Pin=MSP_PIC-10
Added Pin To Net: NetName=NetMSP_PIC_10 Pin=P1-10
Added Pin To Net: NetName=NetMSP_PIC_10 Pin=Servo-1
Added Net: Name=NetMSP_PIC_10
Added Pin To Net: NetName=NetMSP_PIC_11 Pin=MSP_PIC-11
Added Pin To Net: NetName=NetMSP_PIC_11 Pin=P2-10
Added Net: Name=NetMSP_PIC_11
Added Pin To Net: NetName=NetMSP_PIC_12 Pin=MSP_PIC-12
Added Pin To Net: NetName=NetMSP_PIC_12 Pin=P2-9
Added Net: Name=NetMSP_PIC_12
Added Pin To Net: NetName=NetMSP_PIC_13 Pin=MSP_PIC-13
Added Pin To Net: NetName=NetMSP_PIC_13 Pin=P2-8
Added Net: Name=NetMSP_PIC_13
Added Pin To Net: NetName=NetMSP_PIC_17 Pin=MSP_PIC-17
Added Pin To Net: NetName=NetMSP_PIC_17 Pin=P2-4
Added Net: Name=NetMSP_PIC_17
Added Pin To Net: NetName=NetMSP_PIC_18 Pin=MSP_PIC-18
Added Pin To Net: NetName=NetMSP_PIC_18 Pin=P2-3
Added Net: Name=NetMSP_PIC_18
Added Pin To Net: NetName=NetMSP_PIC_19 Pin=MSP_PIC-19
Added Pin To Net: NetName=NetMSP_PIC_19 Pin=P2-2
Added Net: Name=NetMSP_PIC_19
Added Pin To Net: NetName=NetOdroidC2_8 Pin=OdroidC2-8
Added Pin To Net: NetName=NetOdroidC2_8 Pin=UART_O2-2
Added Net: Name=NetOdroidC2_8
Added Pin To Net: NetName=NetOdroidC2_10 Pin=OdroidC2-10
Added Pin To Net: NetName=NetOdroidC2_10 Pin=UART_O2-3
Added Net: Name=NetOdroidC2_10
Added Pin To Net: NetName=NetOdroidC2_37 Pin=OdroidC2-37
Added Pin To Net: NetName=NetOdroidC2_37 Pin=R1-1
Added Pin To Net: NetName=NetOdroidC2_37 Pin=R2-2
Added Net: Name=NetOdroidC2_37
Added Pin To Net: NetName=NetOPA2_1 Pin=OPA2-1
Added Pin To Net: NetName=NetOPA2_1 Pin=OPA2-2
Added Pin To Net: NetName=NetOPA2_1 Pin=R1-2
Added Net: Name=NetOPA2_1
Added Pin To Net: NetName=NetOUT+_1 Pin=OUT+-1
Added Pin To Net: NetName=NetOUT+_1 Pin=OutUSB-1
Added Net: Name=NetOUT+_1
Added Pin To Net: NetName=NetOUT-_1 Pin=OUT--1
Added Pin To Net: NetName=NetOUT-_1 Pin=OutUSB-4
Added Net: Name=NetOUT-_1
Added Class: Name=Sheet_AIO_Shield
Added Class: Name=Sheet_handling_module
Added Room: Name=Sheet_AIO_Shield
